INFO [2025-06-30 10:25:08] $x
INFO [2025-06-30 10:25:08] list(degs_0, degs_2)
INFO [2025-06-30 10:25:08] 
INFO [2025-06-30 10:25:08] $category.names
INFO [2025-06-30 10:25:08] c("Upregulated", "Downregulated")
INFO [2025-06-30 10:25:08] 
INFO [2025-06-30 10:25:08] $filename
INFO [2025-06-30 10:25:08] [1] "all venn_diagramm.png"
INFO [2025-06-30 10:25:08] 
INFO [2025-06-30 10:25:08] $output
INFO [2025-06-30 10:25:08] [1] TRUE
INFO [2025-06-30 10:25:08] 
INFO [2025-06-30 10:25:08] $imagetype
INFO [2025-06-30 10:25:08] [1] "png"
INFO [2025-06-30 10:25:08] 
INFO [2025-06-30 10:25:08] $height
INFO [2025-06-30 10:25:08] [1] 480
INFO [2025-06-30 10:25:08] 
INFO [2025-06-30 10:25:08] $width
INFO [2025-06-30 10:25:08] [1] 480
INFO [2025-06-30 10:25:08] 
INFO [2025-06-30 10:25:08] $resolution
INFO [2025-06-30 10:25:08] [1] 300
INFO [2025-06-30 10:25:08] 
INFO [2025-06-30 10:25:08] $compression
INFO [2025-06-30 10:25:08] [1] "lzw"
INFO [2025-06-30 10:25:08] 
INFO [2025-06-30 10:25:08] $lwd
INFO [2025-06-30 10:25:08] [1] 2
INFO [2025-06-30 10:25:08] 
INFO [2025-06-30 10:25:08] $lty
INFO [2025-06-30 10:25:08] [1] "blank"
INFO [2025-06-30 10:25:08] 
INFO [2025-06-30 10:25:08] $fill
INFO [2025-06-30 10:25:08] myCol
INFO [2025-06-30 10:25:08] 
INFO [2025-06-30 10:25:08] $cex
INFO [2025-06-30 10:25:08] [1] 0.6
INFO [2025-06-30 10:25:08] 
INFO [2025-06-30 10:25:08] $fontface
INFO [2025-06-30 10:25:08] [1] "bold"
INFO [2025-06-30 10:25:08] 
INFO [2025-06-30 10:25:08] $fontfamily
INFO [2025-06-30 10:25:08] [1] "sans"
INFO [2025-06-30 10:25:08] 
INFO [2025-06-30 10:25:08] $cat.cex
INFO [2025-06-30 10:25:08] [1] 0.6
INFO [2025-06-30 10:25:08] 
INFO [2025-06-30 10:25:08] $cat.fontface
INFO [2025-06-30 10:25:08] [1] "bold"
INFO [2025-06-30 10:25:08] 
INFO [2025-06-30 10:25:08] $cat.default.pos
INFO [2025-06-30 10:25:08] [1] "outer"
INFO [2025-06-30 10:25:08] 
INFO [2025-06-30 10:25:08] $cat.pos
INFO [2025-06-30 10:25:08] c(-27, 27, 135)
INFO [2025-06-30 10:25:08] 
INFO [2025-06-30 10:25:08] $cat.dist
INFO [2025-06-30 10:25:08] c(0.055, 0.055, 0.085)
INFO [2025-06-30 10:25:08] 
INFO [2025-06-30 10:25:08] $cat.fontfamily
INFO [2025-06-30 10:25:08] [1] "sans"
INFO [2025-06-30 10:25:08] 
INFO [2025-06-30 10:25:08] $rotation
INFO [2025-06-30 10:25:08] [1] 1
INFO [2025-06-30 10:25:08] 
