INFO [2025-06-30 10:28:43] $x
INFO [2025-06-30 10:28:43] list(degs_0, degs_2)
INFO [2025-06-30 10:28:43] 
INFO [2025-06-30 10:28:43] $category.names
INFO [2025-06-30 10:28:43] c("Upregulated", "Downregulated")
INFO [2025-06-30 10:28:43] 
INFO [2025-06-30 10:28:43] $filename
INFO [2025-06-30 10:28:43] [1] "all_venn_diagramm.png"
INFO [2025-06-30 10:28:43] 
INFO [2025-06-30 10:28:43] $output
INFO [2025-06-30 10:28:43] [1] TRUE
INFO [2025-06-30 10:28:43] 
INFO [2025-06-30 10:28:43] $imagetype
INFO [2025-06-30 10:28:43] [1] "png"
INFO [2025-06-30 10:28:43] 
INFO [2025-06-30 10:28:43] $height
INFO [2025-06-30 10:28:43] [1] 480
INFO [2025-06-30 10:28:43] 
INFO [2025-06-30 10:28:43] $width
INFO [2025-06-30 10:28:43] [1] 480
INFO [2025-06-30 10:28:43] 
INFO [2025-06-30 10:28:43] $resolution
INFO [2025-06-30 10:28:43] [1] 300
INFO [2025-06-30 10:28:43] 
INFO [2025-06-30 10:28:43] $compression
INFO [2025-06-30 10:28:43] [1] "lzw"
INFO [2025-06-30 10:28:43] 
INFO [2025-06-30 10:28:43] $lwd
INFO [2025-06-30 10:28:43] [1] 2
INFO [2025-06-30 10:28:43] 
INFO [2025-06-30 10:28:43] $lty
INFO [2025-06-30 10:28:43] [1] "blank"
INFO [2025-06-30 10:28:43] 
INFO [2025-06-30 10:28:43] $fill
INFO [2025-06-30 10:28:43] myCol[1:2]
INFO [2025-06-30 10:28:43] 
INFO [2025-06-30 10:28:43] $cex
INFO [2025-06-30 10:28:43] [1] 0.6
INFO [2025-06-30 10:28:43] 
INFO [2025-06-30 10:28:43] $fontface
INFO [2025-06-30 10:28:43] [1] "bold"
INFO [2025-06-30 10:28:43] 
INFO [2025-06-30 10:28:43] $fontfamily
INFO [2025-06-30 10:28:43] [1] "sans"
INFO [2025-06-30 10:28:43] 
INFO [2025-06-30 10:28:43] $cat.cex
INFO [2025-06-30 10:28:43] [1] 0.6
INFO [2025-06-30 10:28:43] 
INFO [2025-06-30 10:28:43] $cat.fontface
INFO [2025-06-30 10:28:43] [1] "bold"
INFO [2025-06-30 10:28:43] 
INFO [2025-06-30 10:28:43] $cat.default.pos
INFO [2025-06-30 10:28:43] [1] "outer"
INFO [2025-06-30 10:28:43] 
INFO [2025-06-30 10:28:43] $cat.pos
INFO [2025-06-30 10:28:43] c(-27, 27)
INFO [2025-06-30 10:28:43] 
INFO [2025-06-30 10:28:43] $cat.dist
INFO [2025-06-30 10:28:43] c(0.055, 0.055)
INFO [2025-06-30 10:28:43] 
INFO [2025-06-30 10:28:43] $cat.fontfamily
INFO [2025-06-30 10:28:43] [1] "sans"
INFO [2025-06-30 10:28:43] 
INFO [2025-06-30 10:28:43] $rotation
INFO [2025-06-30 10:28:43] [1] 1
INFO [2025-06-30 10:28:43] 
