INFO [2025-06-30 10:29:05] $x
INFO [2025-06-30 10:29:05] list(degs_0, degs_2)
INFO [2025-06-30 10:29:05] 
INFO [2025-06-30 10:29:05] $category.names
INFO [2025-06-30 10:29:05] c("Upregulated", "Downregulated")
INFO [2025-06-30 10:29:05] 
INFO [2025-06-30 10:29:05] $filename
INFO [2025-06-30 10:29:05] [1] "all_venn_diagramm.png"
INFO [2025-06-30 10:29:05] 
INFO [2025-06-30 10:29:05] $output
INFO [2025-06-30 10:29:05] [1] TRUE
INFO [2025-06-30 10:29:05] 
INFO [2025-06-30 10:29:05] $imagetype
INFO [2025-06-30 10:29:05] [1] "png"
INFO [2025-06-30 10:29:05] 
INFO [2025-06-30 10:29:05] $height
INFO [2025-06-30 10:29:05] [1] 480
INFO [2025-06-30 10:29:05] 
INFO [2025-06-30 10:29:05] $width
INFO [2025-06-30 10:29:05] [1] 480
INFO [2025-06-30 10:29:05] 
INFO [2025-06-30 10:29:05] $resolution
INFO [2025-06-30 10:29:05] [1] 300
INFO [2025-06-30 10:29:05] 
INFO [2025-06-30 10:29:05] $compression
INFO [2025-06-30 10:29:05] [1] "lzw"
INFO [2025-06-30 10:29:05] 
INFO [2025-06-30 10:29:05] $lwd
INFO [2025-06-30 10:29:05] [1] 2
INFO [2025-06-30 10:29:05] 
INFO [2025-06-30 10:29:05] $lty
INFO [2025-06-30 10:29:05] [1] "blank"
INFO [2025-06-30 10:29:05] 
INFO [2025-06-30 10:29:05] $fill
INFO [2025-06-30 10:29:05] myCol[1:2]
INFO [2025-06-30 10:29:05] 
INFO [2025-06-30 10:29:05] $cex
INFO [2025-06-30 10:29:05] [1] 0.6
INFO [2025-06-30 10:29:05] 
INFO [2025-06-30 10:29:05] $fontface
INFO [2025-06-30 10:29:05] [1] "bold"
INFO [2025-06-30 10:29:05] 
INFO [2025-06-30 10:29:05] $fontfamily
INFO [2025-06-30 10:29:05] [1] "sans"
INFO [2025-06-30 10:29:05] 
INFO [2025-06-30 10:29:05] $cat.cex
INFO [2025-06-30 10:29:05] [1] 0.6
INFO [2025-06-30 10:29:05] 
INFO [2025-06-30 10:29:05] $cat.fontface
INFO [2025-06-30 10:29:05] [1] "bold"
INFO [2025-06-30 10:29:05] 
INFO [2025-06-30 10:29:05] $cat.default.pos
INFO [2025-06-30 10:29:05] [1] "outer"
INFO [2025-06-30 10:29:05] 
INFO [2025-06-30 10:29:05] $cat.pos
INFO [2025-06-30 10:29:05] c(-27, 27)
INFO [2025-06-30 10:29:05] 
INFO [2025-06-30 10:29:05] $cat.dist
INFO [2025-06-30 10:29:05] c(0.055, 0.055)
INFO [2025-06-30 10:29:05] 
INFO [2025-06-30 10:29:05] $cat.fontfamily
INFO [2025-06-30 10:29:05] [1] "sans"
INFO [2025-06-30 10:29:05] 
INFO [2025-06-30 10:29:05] $rotation
INFO [2025-06-30 10:29:05] [1] 1
INFO [2025-06-30 10:29:05] 
