INFO [2025-06-30 10:28:25] $x
INFO [2025-06-30 10:28:25] list(set1, set2)
INFO [2025-06-30 10:28:25] 
INFO [2025-06-30 10:28:25] $category.names
INFO [2025-06-30 10:28:25] c("WT vs 1703 0_dpi", "WT vs 1703 2_dpi")
INFO [2025-06-30 10:28:25] 
INFO [2025-06-30 10:28:25] $filename
INFO [2025-06-30 10:28:25] [1] "down reg venn_diagramm.png"
INFO [2025-06-30 10:28:25] 
INFO [2025-06-30 10:28:25] $output
INFO [2025-06-30 10:28:25] [1] TRUE
INFO [2025-06-30 10:28:25] 
INFO [2025-06-30 10:28:25] $imagetype
INFO [2025-06-30 10:28:25] [1] "png"
INFO [2025-06-30 10:28:25] 
INFO [2025-06-30 10:28:25] $height
INFO [2025-06-30 10:28:25] [1] 480
INFO [2025-06-30 10:28:25] 
INFO [2025-06-30 10:28:25] $width
INFO [2025-06-30 10:28:25] [1] 480
INFO [2025-06-30 10:28:25] 
INFO [2025-06-30 10:28:25] $resolution
INFO [2025-06-30 10:28:25] [1] 300
INFO [2025-06-30 10:28:25] 
INFO [2025-06-30 10:28:25] $compression
INFO [2025-06-30 10:28:25] [1] "lzw"
INFO [2025-06-30 10:28:25] 
INFO [2025-06-30 10:28:25] $lwd
INFO [2025-06-30 10:28:25] [1] 2
INFO [2025-06-30 10:28:25] 
INFO [2025-06-30 10:28:25] $lty
INFO [2025-06-30 10:28:25] [1] "blank"
INFO [2025-06-30 10:28:25] 
INFO [2025-06-30 10:28:25] $fill
INFO [2025-06-30 10:28:25] myCol[1:2]
INFO [2025-06-30 10:28:25] 
INFO [2025-06-30 10:28:25] $cex
INFO [2025-06-30 10:28:25] [1] 0.6
INFO [2025-06-30 10:28:25] 
INFO [2025-06-30 10:28:25] $fontface
INFO [2025-06-30 10:28:25] [1] "bold"
INFO [2025-06-30 10:28:25] 
INFO [2025-06-30 10:28:25] $fontfamily
INFO [2025-06-30 10:28:25] [1] "sans"
INFO [2025-06-30 10:28:25] 
INFO [2025-06-30 10:28:25] $cat.cex
INFO [2025-06-30 10:28:25] [1] 0.6
INFO [2025-06-30 10:28:25] 
INFO [2025-06-30 10:28:25] $cat.fontface
INFO [2025-06-30 10:28:25] [1] "bold"
INFO [2025-06-30 10:28:25] 
INFO [2025-06-30 10:28:25] $cat.default.pos
INFO [2025-06-30 10:28:25] [1] "outer"
INFO [2025-06-30 10:28:25] 
INFO [2025-06-30 10:28:25] $cat.pos
INFO [2025-06-30 10:28:25] c(-27, 27)
INFO [2025-06-30 10:28:25] 
INFO [2025-06-30 10:28:25] $cat.dist
INFO [2025-06-30 10:28:25] c(0.055, 0.055)
INFO [2025-06-30 10:28:25] 
INFO [2025-06-30 10:28:25] $cat.fontfamily
INFO [2025-06-30 10:28:25] [1] "sans"
INFO [2025-06-30 10:28:25] 
INFO [2025-06-30 10:28:25] $rotation
INFO [2025-06-30 10:28:25] [1] 1
INFO [2025-06-30 10:28:25] 
