INFO [2025-06-30 10:35:53] $x
INFO [2025-06-30 10:35:53] list(up_genes_0, up_genes_2)
INFO [2025-06-30 10:35:53] 
INFO [2025-06-30 10:35:53] $category.names
INFO [2025-06-30 10:35:53] c("Condition_0_Up", "Condition_2_Up")
INFO [2025-06-30 10:35:53] 
INFO [2025-06-30 10:35:53] $filename
INFO [2025-06-30 10:35:53] [1] "upregulated_venn_diagram.png"
INFO [2025-06-30 10:35:53] 
INFO [2025-06-30 10:35:53] $output
INFO [2025-06-30 10:35:53] [1] TRUE
INFO [2025-06-30 10:35:53] 
INFO [2025-06-30 10:35:53] $imagetype
INFO [2025-06-30 10:35:53] [1] "png"
INFO [2025-06-30 10:35:53] 
INFO [2025-06-30 10:35:53] $height
INFO [2025-06-30 10:35:53] [1] 480
INFO [2025-06-30 10:35:53] 
INFO [2025-06-30 10:35:53] $width
INFO [2025-06-30 10:35:53] [1] 480
INFO [2025-06-30 10:35:53] 
INFO [2025-06-30 10:35:53] $resolution
INFO [2025-06-30 10:35:53] [1] 300
INFO [2025-06-30 10:35:53] 
INFO [2025-06-30 10:35:53] $compression
INFO [2025-06-30 10:35:53] [1] "lzw"
INFO [2025-06-30 10:35:53] 
INFO [2025-06-30 10:35:53] $lwd
INFO [2025-06-30 10:35:53] [1] 2
INFO [2025-06-30 10:35:53] 
INFO [2025-06-30 10:35:53] $lty
INFO [2025-06-30 10:35:53] [1] "blank"
INFO [2025-06-30 10:35:53] 
INFO [2025-06-30 10:35:53] $fill
INFO [2025-06-30 10:35:53] myCol[1:2]
INFO [2025-06-30 10:35:53] 
INFO [2025-06-30 10:35:53] $cex
INFO [2025-06-30 10:35:53] [1] 0.6
INFO [2025-06-30 10:35:53] 
INFO [2025-06-30 10:35:53] $fontface
INFO [2025-06-30 10:35:53] [1] "bold"
INFO [2025-06-30 10:35:53] 
INFO [2025-06-30 10:35:53] $fontfamily
INFO [2025-06-30 10:35:53] [1] "sans"
INFO [2025-06-30 10:35:53] 
INFO [2025-06-30 10:35:53] $cat.cex
INFO [2025-06-30 10:35:53] [1] 0.6
INFO [2025-06-30 10:35:53] 
INFO [2025-06-30 10:35:53] $cat.fontface
INFO [2025-06-30 10:35:53] [1] "bold"
INFO [2025-06-30 10:35:53] 
INFO [2025-06-30 10:35:53] $cat.default.pos
INFO [2025-06-30 10:35:53] [1] "outer"
INFO [2025-06-30 10:35:53] 
INFO [2025-06-30 10:35:53] $cat.pos
INFO [2025-06-30 10:35:53] c(-27, 27)
INFO [2025-06-30 10:35:53] 
INFO [2025-06-30 10:35:53] $cat.dist
INFO [2025-06-30 10:35:53] c(0.055, 0.055)
INFO [2025-06-30 10:35:53] 
INFO [2025-06-30 10:35:53] $cat.fontfamily
INFO [2025-06-30 10:35:53] [1] "sans"
INFO [2025-06-30 10:35:53] 
INFO [2025-06-30 10:35:53] $rotation
INFO [2025-06-30 10:35:53] [1] 1
INFO [2025-06-30 10:35:53] 
