INFO [2025-06-30 10:35:50] $x
INFO [2025-06-30 10:35:50] list(up_genes_0, up_genes_2)
INFO [2025-06-30 10:35:50] 
INFO [2025-06-30 10:35:50] $category.names
INFO [2025-06-30 10:35:50] c("Condition_0_Up", "Condition_2_Up")
INFO [2025-06-30 10:35:50] 
INFO [2025-06-30 10:35:50] $filename
INFO [2025-06-30 10:35:50] [1] "upregulated_venn_diagram.png"
INFO [2025-06-30 10:35:50] 
INFO [2025-06-30 10:35:50] $output
INFO [2025-06-30 10:35:50] [1] TRUE
INFO [2025-06-30 10:35:50] 
INFO [2025-06-30 10:35:50] $imagetype
INFO [2025-06-30 10:35:50] [1] "png"
INFO [2025-06-30 10:35:50] 
INFO [2025-06-30 10:35:50] $height
INFO [2025-06-30 10:35:50] [1] 480
INFO [2025-06-30 10:35:50] 
INFO [2025-06-30 10:35:50] $width
INFO [2025-06-30 10:35:50] [1] 480
INFO [2025-06-30 10:35:50] 
INFO [2025-06-30 10:35:50] $resolution
INFO [2025-06-30 10:35:50] [1] 300
INFO [2025-06-30 10:35:50] 
INFO [2025-06-30 10:35:50] $compression
INFO [2025-06-30 10:35:50] [1] "lzw"
INFO [2025-06-30 10:35:50] 
INFO [2025-06-30 10:35:50] $lwd
INFO [2025-06-30 10:35:50] [1] 2
INFO [2025-06-30 10:35:50] 
INFO [2025-06-30 10:35:50] $lty
INFO [2025-06-30 10:35:50] [1] "blank"
INFO [2025-06-30 10:35:50] 
INFO [2025-06-30 10:35:50] $fill
INFO [2025-06-30 10:35:50] myCol[1:2]
INFO [2025-06-30 10:35:50] 
INFO [2025-06-30 10:35:50] $cex
INFO [2025-06-30 10:35:50] [1] 0.6
INFO [2025-06-30 10:35:50] 
INFO [2025-06-30 10:35:50] $fontface
INFO [2025-06-30 10:35:50] [1] "bold"
INFO [2025-06-30 10:35:50] 
INFO [2025-06-30 10:35:50] $fontfamily
INFO [2025-06-30 10:35:50] [1] "sans"
INFO [2025-06-30 10:35:50] 
INFO [2025-06-30 10:35:50] $cat.cex
INFO [2025-06-30 10:35:50] [1] 0.6
INFO [2025-06-30 10:35:50] 
INFO [2025-06-30 10:35:50] $cat.fontface
INFO [2025-06-30 10:35:50] [1] "bold"
INFO [2025-06-30 10:35:50] 
INFO [2025-06-30 10:35:50] $cat.default.pos
INFO [2025-06-30 10:35:50] [1] "outer"
INFO [2025-06-30 10:35:50] 
INFO [2025-06-30 10:35:50] $cat.pos
INFO [2025-06-30 10:35:50] c(-27, 27)
INFO [2025-06-30 10:35:50] 
INFO [2025-06-30 10:35:50] $cat.dist
INFO [2025-06-30 10:35:50] c(0.055, 0.055)
INFO [2025-06-30 10:35:50] 
INFO [2025-06-30 10:35:50] $cat.fontfamily
INFO [2025-06-30 10:35:50] [1] "sans"
INFO [2025-06-30 10:35:50] 
INFO [2025-06-30 10:35:50] $rotation
INFO [2025-06-30 10:35:50] [1] 1
INFO [2025-06-30 10:35:50] 
