INFO [2025-06-30 10:35:52] $x
INFO [2025-06-30 10:35:52] list(up_genes_0, up_genes_2)
INFO [2025-06-30 10:35:52] 
INFO [2025-06-30 10:35:52] $category.names
INFO [2025-06-30 10:35:52] c("Condition_0_Up", "Condition_2_Up")
INFO [2025-06-30 10:35:52] 
INFO [2025-06-30 10:35:52] $filename
INFO [2025-06-30 10:35:52] [1] "upregulated_venn_diagram.png"
INFO [2025-06-30 10:35:52] 
INFO [2025-06-30 10:35:52] $output
INFO [2025-06-30 10:35:52] [1] TRUE
INFO [2025-06-30 10:35:52] 
INFO [2025-06-30 10:35:52] $imagetype
INFO [2025-06-30 10:35:52] [1] "png"
INFO [2025-06-30 10:35:52] 
INFO [2025-06-30 10:35:52] $height
INFO [2025-06-30 10:35:52] [1] 480
INFO [2025-06-30 10:35:52] 
INFO [2025-06-30 10:35:52] $width
INFO [2025-06-30 10:35:52] [1] 480
INFO [2025-06-30 10:35:52] 
INFO [2025-06-30 10:35:52] $resolution
INFO [2025-06-30 10:35:52] [1] 300
INFO [2025-06-30 10:35:52] 
INFO [2025-06-30 10:35:52] $compression
INFO [2025-06-30 10:35:52] [1] "lzw"
INFO [2025-06-30 10:35:52] 
INFO [2025-06-30 10:35:52] $lwd
INFO [2025-06-30 10:35:52] [1] 2
INFO [2025-06-30 10:35:52] 
INFO [2025-06-30 10:35:52] $lty
INFO [2025-06-30 10:35:52] [1] "blank"
INFO [2025-06-30 10:35:52] 
INFO [2025-06-30 10:35:52] $fill
INFO [2025-06-30 10:35:52] myCol[1:2]
INFO [2025-06-30 10:35:52] 
INFO [2025-06-30 10:35:52] $cex
INFO [2025-06-30 10:35:52] [1] 0.6
INFO [2025-06-30 10:35:52] 
INFO [2025-06-30 10:35:52] $fontface
INFO [2025-06-30 10:35:52] [1] "bold"
INFO [2025-06-30 10:35:52] 
INFO [2025-06-30 10:35:52] $fontfamily
INFO [2025-06-30 10:35:52] [1] "sans"
INFO [2025-06-30 10:35:52] 
INFO [2025-06-30 10:35:52] $cat.cex
INFO [2025-06-30 10:35:52] [1] 0.6
INFO [2025-06-30 10:35:52] 
INFO [2025-06-30 10:35:52] $cat.fontface
INFO [2025-06-30 10:35:52] [1] "bold"
INFO [2025-06-30 10:35:52] 
INFO [2025-06-30 10:35:52] $cat.default.pos
INFO [2025-06-30 10:35:52] [1] "outer"
INFO [2025-06-30 10:35:52] 
INFO [2025-06-30 10:35:52] $cat.pos
INFO [2025-06-30 10:35:52] c(-27, 27)
INFO [2025-06-30 10:35:52] 
INFO [2025-06-30 10:35:52] $cat.dist
INFO [2025-06-30 10:35:52] c(0.055, 0.055)
INFO [2025-06-30 10:35:52] 
INFO [2025-06-30 10:35:52] $cat.fontfamily
INFO [2025-06-30 10:35:52] [1] "sans"
INFO [2025-06-30 10:35:52] 
INFO [2025-06-30 10:35:52] $rotation
INFO [2025-06-30 10:35:52] [1] 1
INFO [2025-06-30 10:35:52] 
